[22:15:44] [main/INFO]: Loading Minecraft 1.21.5 with Fabric Loader 0.16.14
[22:15:44] [main/INFO]: Loading 4 mods:
	- fabricloader 0.16.14
	   \-- mixinextras 0.4.1
	- java 21
	- minecraft 1.21.5
[22:15:44] [main/INFO]: SpongePowered MIXIN Subsystem Version=0.8.7 Source=file:/workspaces/xd/servidor_minecraft/libraries/net/fabricmc/sponge-mixin/0.15.5+mixin.0.8.7/sponge-mixin-0.15.5+mixin.0.8.7.jar Service=Knot/Fabric Env=SERVER
[22:15:53] [main/INFO]: Environment: Environment[sessionHost=https://sessionserver.mojang.com, servicesHost=https://api.minecraftservices.com, name=PROD]
[22:15:56] [main/INFO]: Loaded 1373 recipes
[22:15:56] [main/INFO]: Loaded 1484 advancements
[22:15:56] [Server thread/INFO]: Starting minecraft server version 1.21.5
[22:15:56] [Server thread/INFO]: Loading properties
[22:15:56] [Server thread/INFO]: Default game type: SURVIVAL
[22:15:56] [Server thread/INFO]: Generating keypair
[22:15:56] [Server thread/INFO]: Starting Minecraft server on *:25565
[22:15:56] [Server thread/INFO]: Using epoll channel type
[22:15:56] [Server thread/WARN]: **** SERVER IS RUNNING IN OFFLINE/INSECURE MODE!
[22:15:56] [Server thread/WARN]: The server will make no attempt to authenticate usernames. Beware.
[22:15:56] [Server thread/WARN]: While this makes the game possible to play without internet access, it also opens up the ability for hackers to connect with any username they choose.
[22:15:56] [Server thread/WARN]: To change this, set "online-mode" to "true" in the server.properties file.
[22:15:56] [Server thread/INFO]: Preparing level "world"
[22:15:57] [Server thread/INFO]: Preparing start region for dimension minecraft:overworld
[22:16:02] [Worker-Main-3/INFO]: Preparing spawn area: 0%
[22:16:02] [Worker-Main-3/INFO]: Preparing spawn area: 0%
[22:16:02] [Worker-Main-3/INFO]: Preparing spawn area: 0%
[22:16:02] [Worker-Main-3/INFO]: Preparing spawn area: 0%
[22:16:02] [Worker-Main-3/INFO]: Preparing spawn area: 0%
[22:16:02] [Worker-Main-3/INFO]: Preparing spawn area: 0%
[22:16:02] [Worker-Main-3/INFO]: Preparing spawn area: 0%
[22:16:02] [Worker-Main-3/INFO]: Preparing spawn area: 0%
[22:16:02] [Worker-Main-3/INFO]: Preparing spawn area: 0%
[22:16:02] [Worker-Main-3/INFO]: Preparing spawn area: 0%
[22:16:02] [Worker-Main-3/INFO]: Preparing spawn area: 0%
[22:16:02] [Worker-Main-3/INFO]: Preparing spawn area: 38%
[22:16:03] [Server thread/INFO]: Time elapsed: 5827 ms
[22:16:03] [Server thread/INFO]: Done (6.207s)! For help, type "help"
[22:16:47] [Server thread/INFO]: Fadid_byxd[/127.134.190.163:50273] logged in with entity id 117 at (-4.5, 94.0, -0.5)
[22:16:47] [Server thread/INFO]: Fadid_byxd joined the game
[22:17:32] [Server thread/INFO]: LORDTECA[/127.96.75.250:37115] logged in with entity id 477 at (8.5, 82.0, 7.5)
[22:17:32] [Server thread/INFO]: LORDTECA joined the game
[22:18:33] [Server thread/INFO]: [Not Secure] <LORDTECA> porfin me va a mas de 10 fps
[22:18:40] [Server thread/INFO]: [Not Secure] <Fadid_byxd> ufffffff
[22:19:10] [Server thread/INFO]: [Not Secure] <LORDTECA> aa
[22:19:25] [Server thread/INFO]: [Not Secure] <LORDTECA> que dejen de hablar mis papas xd
[22:19:25] [Server thread/INFO]: [Not Secure] <Fadid_byxd> XD
[22:19:58] [Server thread/INFO]: [Not Secure] <LORDTECA> ontas
[22:20:16] [Server thread/INFO]: [Not Secure] <LORDTECA> tremenda skin de dante tengo
[22:20:22] [Server thread/INFO]: [Not Secure] <LORDTECA> el deudas:
[22:20:28] [Server thread/INFO]: [Not Secure] <Fadid_byxd> xd
[22:20:59] [Server thread/INFO]: Fadid_byxd has made the advancement [Stone Age]
[22:21:31] [Server thread/INFO]: Fadid_byxd has made the advancement [Getting an Upgrade]
[22:21:45] [Server thread/INFO]: [Not Secure] <LORDTECA> mira el whatsap
[22:23:55] [Server thread/INFO]: [Not Secure] <Fadid_byxd> no te pongas asi
[22:24:08] [Server thread/INFO]: [Not Secure] <Fadid_byxd> mi skidibi sigmapomni
[22:24:15] [Server thread/INFO]: [Not Secure] <LORDTECA> callate w
[22:24:20] [Server thread/INFO]: [Not Secure] <LORDTECA> nadie te hbala por eso
[22:24:28] [Server thread/INFO]: [Not Secure] <LORDTECA> xd
[22:24:29] [Server thread/INFO]: [Not Secure] <Fadid_byxd> y tu eres nadie?
[22:24:37] [Server thread/INFO]: [Not Secure] <Fadid_byxd> sigueme
[22:25:18] [Server thread/INFO]: LORDTECA has made the advancement [Stone Age]
[22:25:25] [Server thread/INFO]: [Not Secure] <LORDTECA> que pase la noche
[22:25:41] [Server thread/INFO]: [Not Secure] <Fadid_byxd> buscare materiales por mientras
[22:27:21] [Server thread/INFO]: LORDTECA has made the advancement [Getting an Upgrade]
[22:29:06] [Server thread/INFO]: Fadid_byxd has made the advancement [Monster Hunter]
[22:29:23] [Server thread/INFO]: LORDTECA has made the advancement [Monster Hunter]
[22:33:34] [Server thread/INFO]: Fadid_byxd has made the advancement [Acquire Hardware]
[22:33:45] [Server thread/INFO]: LORDTECA has made the advancement [Best Friends Forever]
[22:34:13] [Server thread/INFO]: Fadid_byxd has made the advancement [Isn't It Iron Pick]
[22:39:41] [Server thread/INFO]: LORDTECA has made the advancement [Isn't It Iron Pick]
[22:43:46] [Server thread/INFO]: [Not Secure] <Fadid_byxd> un rato no voy a hablar
[22:44:27] [Server thread/INFO]: [Not Secure] <Fadid_byxd> vamos por tu cama
[22:44:33] [Server thread/INFO]: [Not Secure] <LORDTECA> bro?
[22:45:01] [Server thread/INFO]: Fadid_byxd has made the advancement [Sweet Dreams]
[22:45:07] [Server thread/INFO]: LORDTECA has made the advancement [Sweet Dreams]
[22:45:44] [Server thread/INFO]: Fadid_byxd has made the advancement [Suit Up]
[22:46:07] [Server thread/INFO]: [Not Secure] <Fadid_byxd> que chucha es eso?
[22:46:09] [Server thread/INFO]: [Not Secure] <LORDTECA> porque hay una araña invisible
[22:46:29] [Server thread/INFO]: [Not Secure] <LORDTECA> nooooooooooooooo
[22:46:31] [Server thread/INFO]: [Not Secure] <LORDTECA> lobin
[22:46:34] [Server thread/INFO]: [Not Secure] <Fadid_byxd> :,v
[22:47:22] [Server thread/INFO]: LORDTECA has made the advancement [Acquire Hardware]
[22:47:26] [Server thread/INFO]: LORDTECA has made the advancement [Suit Up]
[22:47:34] [Server thread/INFO]: [Not Secure] <LORDTECA> oeoeo
[22:47:45] [Server thread/INFO]: [Not Secure] <LORDTECA> hay una mega cueva por haya
[22:47:45] [Server thread/INFO]: [Not Secure] <Fadid_byxd> que?
[22:48:09] [Server thread/INFO]: [Not Secure] <Fadid_byxd> por
[22:48:12] [Server thread/INFO]: [Not Secure] <Fadid_byxd> donde'
[22:48:36] [Server thread/INFO]: [Not Secure] <Fadid_byxd> voy a romper tu cama
[22:48:40] [Server thread/INFO]: [Not Secure] <Fadid_byxd> va bro?
[22:48:52] [Server thread/INFO]: [Not Secure] <LORDTECA> yaya
[22:49:36] [Server thread/INFO]: [Not Secure] <Fadid_byxd> Donde estas?
[22:51:39] [Server thread/INFO]: Fadid_byxd has made the advancement [Not Today, Thank You]
[22:52:59] [Server thread/INFO]: LORDTECA fell from a high place
[22:54:01] [Server thread/INFO]: LORDTECA was blown up by Creeper
[22:54:59] [Server thread/INFO]: Fadid_byxd was slain by Zombie
[22:55:06] [Server thread/INFO]: LORDTECA was slain by Zombie
[22:55:42] [Server thread/INFO]: LORDTECA has made the advancement [Not Today, Thank You]
[22:57:33] [Server thread/INFO]: [Not Secure] <LORDTECA> -136 85 344
[22:59:50] [Server thread/INFO]: LORDTECA has made the advancement [Hot Stuff]
[23:04:20] [Server thread/INFO]: [Not Secure] <Fadid_byxd> fue
[23:04:41] [Server thread/INFO]: [Not Secure] <LORDTECA> sin llamada
[23:04:45] [Server thread/INFO]: [Not Secure] <LORDTECA> ya fue
[23:05:34] [Server thread/INFO]: [Not Secure] <Fadid_byxd> tr
[23:05:38] [Server thread/INFO]: [Not Secure] <LORDTECA> aldea
[23:06:22] [Server thread/INFO]: Fadid_byxd was slain by Spider
[23:06:26] [Server thread/INFO]: [Not Secure] <LORDTECA> xdxdxdxd
[23:06:34] [Server thread/INFO]: [Not Secure] <Fadid_byxd> :,v
[23:06:41] [Server thread/INFO]: [Not Secure] <Fadid_byxd> mi mam me esta llamando
[23:06:46] [Server thread/INFO]: Fadid_byxd lost connection: Disconnected
[23:06:46] [Server thread/INFO]: Fadid_byxd left the game
[23:07:32] [Server thread/INFO]: Fadid_byxd[/127.134.190.163:45463] logged in with entity id 11699 at (-6.455236452757559, 81.0, -4.296432335850348)
[23:07:32] [Server thread/INFO]: Fadid_byxd joined the game
[23:08:17] [Server thread/INFO]: [Not Secure] <LORDTECA> -433 73 362
[23:08:24] [Server thread/INFO]: [Not Secure] <LORDTECA> aqui estoy
[23:08:27] [Server thread/INFO]: [Not Secure] <LORDTECA> en la aldea
[23:08:43] [Server thread/INFO]: LORDTECA was blown up by Creeper
[23:08:48] [Server thread/INFO]: [Not Secure] <Fadid_byxd> XD
[23:08:55] [Server thread/INFO]: [Not Secure] <LORDTECA> me detono :,v
[23:09:08] [Server thread/INFO]: [Not Secure] <Fadid_byxd> MI PC se webeo
[23:09:12] [Server thread/INFO]: [Not Secure] <Fadid_byxd> perate
[23:10:17] [Server thread/INFO]: [Not Secure] <Fadid_byxd> ya ta
[23:14:07] [Server thread/INFO]: [Not Secure] <LORDTECA> ontas
[23:14:08] [Server thread/INFO]: [Not Secure] <Fadid_byxd> ya estoy
[23:14:35] [Server thread/INFO]: [Not Secure] <LORDTECA> agarrate una cama blanca de ahi
[23:14:45] [Server thread/INFO]: [Not Secure] <Fadid_byxd> ya
[23:15:03] [Server thread/INFO]: [Not Secure] <Fadid_byxd> en donde estas?
[23:15:14] [Server thread/INFO]: [Not Secure] <LORDTECA> recogiendo comida
[23:15:50] [Server thread/INFO]: [Not Secure] <Fadid_byxd> mis cosas?
[23:15:55] [Server thread/INFO]: [Not Secure] <LORDTECA> nose
[23:16:01] [Server thread/INFO]: [Not Secure] <LORDTECA> nose donde moriste xd
[23:16:53] [Server thread/INFO]: [Not Secure] <LORDTECA> bueno me voy
[23:16:56] [Server thread/INFO]: [Not Secure] <LORDTECA> chau causa
[23:17:11] [Server thread/INFO]: [Not Secure] <Fadid_byxd> chau
[23:17:22] [Server thread/INFO]: [Not Secure] <LORDTECA> te hablo si me dan permiso
[23:17:24] [Server thread/INFO]: LORDTECA lost connection: Disconnected
[23:17:24] [Server thread/INFO]: LORDTECA left the game
[23:17:28] [Server thread/INFO]: [Not Secure] <Fadid_byxd> va
[23:17:30] [Server thread/INFO]: Fadid_byxd lost connection: Disconnected
[23:17:30] [Server thread/INFO]: Fadid_byxd left the game
[23:18:30] [Server thread/INFO]: Server empty for 60 seconds, pausing
